<?xml version="1.0" encoding="UTF-8"?>
<testsuite xmlns:xsi="http://www.w3.org/2001/XMLSchema-instance" xsi:noNamespaceSchemaLocation="https://maven.apache.org/surefire/maven-surefire-plugin/xsd/surefire-test-report-3.0.xsd" version="3.0" name="ec.edu.espe.arquitectura.banquito.passive.products.ApplicationTests" time="10.251" tests="1" errors="0" skipped="0" failures="0">
  <properties>
[...]
</properties>
  <testcase name="contextLoads" classname="ec.edu.espe.arquitectura.banquito.passive.products.ApplicationTests" time="1.665">
    <system-out><![CDATA[01:44:05.908 [main] INFO org.springframework.test.context.support.AnnotationConfigContextLoaderUtils -- Could not detect default configuration classes for test class [ec.edu.espe.arquitectura.banquito.passive.products.ApplicationTests]: ApplicationTests does not declare any static, non-private, non-final, nested classes annotated with @Configuration.
01:44:06.130 [main] INFO org.springframework.boot.test.context.SpringBootTestContextBootstrapper -- Found @SpringBootConfiguration ec.edu.espe.arquitectura.banquito.passive.products.Application for test class ec.edu.espe.arquitectura.banquito.passive.products.ApplicationTests

  .   ____          _            __ _ _
 /\\ / ___'_ __ _ _(_)_ __  __ _ \ \ \ \
( ( )\___ | '_ | '_| | '_ \/ _` | \ \ \ \
 \\/  ___)| |_)| | | | | || (_| |  ) ) ) )
  '  |____| .__|_| |_|_| |_\__, | / / / /
 =========|_|==============|___/=/_/_/_/
 :: Spring Boot ::                (v3.1.1)

2023-08-31T01:44:07.459-05:00  INFO 17900 --- [           main] e.e.e.a.b.p.products.ApplicationTests    : Starting ApplicationTests using Java 17.0.7 with PID 17900 (started by Omar in C:\Users\Omar\Desktop\ME\PILOSO U\Arqui\Preyecto Arqui\banquito-ws-passive-products)
2023-08-31T01:44:07.463-05:00  INFO 17900 --- [           main] e.e.e.a.b.p.products.ApplicationTests    : No active profile set, falling back to 1 default profile: "default"
2023-08-31T01:44:08.837-05:00  INFO 17900 --- [           main] .s.d.r.c.RepositoryConfigurationDelegate : Bootstrapping Spring Data MongoDB repositories in DEFAULT mode.
2023-08-31T01:44:09.022-05:00  INFO 17900 --- [           main] .s.d.r.c.RepositoryConfigurationDelegate : Finished Spring Data repository scanning in 173 ms. Found 1 MongoDB repository interfaces.
2023-08-31T01:44:10.956-05:00  INFO 17900 --- [dxm.mongodb.net] org.mongodb.driver.cluster               : Adding discovered server ac-nv92oyd-shard-00-00.9co6dxm.mongodb.net:27017 to client view of cluster
2023-08-31T01:44:10.958-05:00  INFO 17900 --- [           main] org.mongodb.driver.client                : MongoClient with metadata {"driver": {"name": "mongo-java-driver|sync|spring-boot", "version": "4.9.1"}, "os": {"type": "Windows", "name": "Windows 10", "architecture": "amd64", "version": "10.0"}, "platform": "Java/Eclipse Adoptium/17.0.7+7"} created with settings MongoClientSettings{readPreference=primary, writeConcern=WriteConcern{w=majority, wTimeout=null ms, journal=null}, retryWrites=true, retryReads=true, readConcern=ReadConcern{level=null}, credential=MongoCredential{mechanism=null, userName='grupo1', source='admin', password=<hidden>, mechanismProperties=<hidden>}, streamFactoryFactory=null, commandListeners=[], codecRegistry=ProvidersCodecRegistry{codecProviders=[ValueCodecProvider{}, BsonValueCodecProvider{}, DBRefCodecProvider{}, DBObjectCodecProvider{}, DocumentCodecProvider{}, CollectionCodecProvider{}, IterableCodecProvider{}, MapCodecProvider{}, GeoJsonCodecProvider{}, GridFSFileCodecProvider{}, Jsr310CodecProvider{}, JsonObjectCodecProvider{}, BsonCodecProvider{}, EnumCodecProvider{}, com.mongodb.client.model.mql.ExpressionCodecProvider@2b7e8044, com.mongodb.Jep395RecordCodecProvider@550de6b8]}, loggerSettings=LoggerSettings{maxDocumentLength=1000}, clusterSettings={hosts=[127.0.0.1:27017], srvHost=clusterarqui.9co6dxm.mongodb.net, srvServiceName=mongodb, mode=MULTIPLE, requiredClusterType=REPLICA_SET, requiredReplicaSetName='atlas-dkm8q5-shard-0', serverSelector='null', clusterListeners='[]', serverSelectionTimeout='30000 ms', localThreshold='30000 ms'}, socketSettings=SocketSettings{connectTimeoutMS=10000, readTimeoutMS=0, receiveBufferSize=0, sendBufferSize=0}, heartbeatSocketSettings=SocketSettings{connectTimeoutMS=10000, readTimeoutMS=10000, receiveBufferSize=0, sendBufferSize=0}, connectionPoolSettings=ConnectionPoolSettings{maxSize=100, minSize=0, maxWaitTimeMS=120000, maxConnectionLifeTimeMS=0, maxConnectionIdleTimeMS=0, maintenanceInitialDelayMS=0, maintenanceFrequencyMS=60000, connectionPoolListeners=[], maxConnecting=2}, serverSettings=ServerSettings{heartbeatFrequencyMS=10000, minHeartbeatFrequencyMS=500, serverListeners='[]', serverMonitorListeners='[]'}, sslSettings=SslSettings{enabled=true, invalidHostNameAllowed=false, context=null}, applicationName='null', compressorList=[], uuidRepresentation=JAVA_LEGACY, serverApi=null, autoEncryptionSettings=null, contextProvider=null}
2023-08-31T01:44:11.218-05:00  INFO 17900 --- [dxm.mongodb.net] org.mongodb.driver.cluster               : Adding discovered server ac-nv92oyd-shard-00-02.9co6dxm.mongodb.net:27017 to client view of cluster
2023-08-31T01:44:11.219-05:00  INFO 17900 --- [dxm.mongodb.net] org.mongodb.driver.cluster               : Adding discovered server ac-nv92oyd-shard-00-01.9co6dxm.mongodb.net:27017 to client view of cluster
2023-08-31T01:44:13.733-05:00  INFO 17900 --- [ngodb.net:27017] org.mongodb.driver.cluster               : Monitor thread successfully connected to server with description ServerDescription{address=ac-nv92oyd-shard-00-00.9co6dxm.mongodb.net:27017, type=REPLICA_SET_SECONDARY, state=CONNECTED, ok=true, minWireVersion=0, maxWireVersion=17, maxDocumentSize=16777216, logicalSessionTimeoutMinutes=30, roundTripTimeNanos=1144972200, setName='atlas-dkm8q5-shard-0', canonicalAddress=ac-nv92oyd-shard-00-00.9co6dxm.mongodb.net:27017, hosts=[ac-nv92oyd-shard-00-01.9co6dxm.mongodb.net:27017, ac-nv92oyd-shard-00-02.9co6dxm.mongodb.net:27017, ac-nv92oyd-shard-00-00.9co6dxm.mongodb.net:27017], passives=[], arbiters=[], primary='ac-nv92oyd-shard-00-01.9co6dxm.mongodb.net:27017', tagSet=TagSet{[Tag{name='nodeType', value='ELECTABLE'}, Tag{name='provider', value='GCP'}, Tag{name='region', value='CENTRAL_US'}, Tag{name='workloadType', value='OPERATIONAL'}]}, electionId=null, setVersion=8, topologyVersion=TopologyVersion{processId=64e9fcc5161502bd7105dcd4, counter=8}, lastWriteDate=Thu Aug 31 01:44:13 COT 2023, lastUpdateTimeNanos=672580541975800}
2023-08-31T01:44:13.733-05:00  INFO 17900 --- [ngodb.net:27017] org.mongodb.driver.cluster               : Monitor thread successfully connected to server with description ServerDescription{address=ac-nv92oyd-shard-00-01.9co6dxm.mongodb.net:27017, type=REPLICA_SET_PRIMARY, state=CONNECTED, ok=true, minWireVersion=0, maxWireVersion=17, maxDocumentSize=16777216, logicalSessionTimeoutMinutes=30, roundTripTimeNanos=1145039100, setName='atlas-dkm8q5-shard-0', canonicalAddress=ac-nv92oyd-shard-00-01.9co6dxm.mongodb.net:27017, hosts=[ac-nv92oyd-shard-00-01.9co6dxm.mongodb.net:27017, ac-nv92oyd-shard-00-02.9co6dxm.mongodb.net:27017, ac-nv92oyd-shard-00-00.9co6dxm.mongodb.net:27017], passives=[], arbiters=[], primary='ac-nv92oyd-shard-00-01.9co6dxm.mongodb.net:27017', tagSet=TagSet{[Tag{name='nodeType', value='ELECTABLE'}, Tag{name='provider', value='GCP'}, Tag{name='region', value='CENTRAL_US'}, Tag{name='workloadType', value='OPERATIONAL'}]}, electionId=7fffffff0000000000000265, setVersion=8, topologyVersion=TopologyVersion{processId=64df7b6f02dbe39bda3b178a, counter=7}, lastWriteDate=Thu Aug 31 01:44:13 COT 2023, lastUpdateTimeNanos=672580542042400}
2023-08-31T01:44:13.734-05:00  INFO 17900 --- [ngodb.net:27017] org.mongodb.driver.cluster               : Monitor thread successfully connected to server with description ServerDescription{address=ac-nv92oyd-shard-00-02.9co6dxm.mongodb.net:27017, type=REPLICA_SET_SECONDARY, state=CONNECTED, ok=true, minWireVersion=0, maxWireVersion=17, maxDocumentSize=16777216, logicalSessionTimeoutMinutes=30, roundTripTimeNanos=1148200900, setName='atlas-dkm8q5-shard-0', canonicalAddress=ac-nv92oyd-shard-00-02.9co6dxm.mongodb.net:27017, hosts=[ac-nv92oyd-shard-00-01.9co6dxm.mongodb.net:27017, ac-nv92oyd-shard-00-02.9co6dxm.mongodb.net:27017, ac-nv92oyd-shard-00-00.9co6dxm.mongodb.net:27017], passives=[], arbiters=[], primary='ac-nv92oyd-shard-00-01.9co6dxm.mongodb.net:27017', tagSet=TagSet{[Tag{name='nodeType', value='ELECTABLE'}, Tag{name='provider', value='GCP'}, Tag{name='region', value='CENTRAL_US'}, Tag{name='workloadType', value='OPERATIONAL'}]}, electionId=null, setVersion=8, topologyVersion=TopologyVersion{processId=64ebe56f5373d0239e4d9bd1, counter=4}, lastWriteDate=Thu Aug 31 01:44:13 COT 2023, lastUpdateTimeNanos=672580542100300}
2023-08-31T01:44:13.740-05:00  INFO 17900 --- [ngodb.net:27017] org.mongodb.driver.cluster               : Discovered replica set primary ac-nv92oyd-shard-00-01.9co6dxm.mongodb.net:27017 with max election id 7fffffff0000000000000265 and max set version 8
2023-08-31T01:44:14.083-05:00  INFO 17900 --- [           main] e.e.e.a.b.p.products.ApplicationTests    : Started ApplicationTests in 7.441 seconds (process running for 9.876)
]]></system-out>
  </testcase>
</testsuite>