<?xml version="1.0" encoding="UTF-8"?>
<testsuite xmlns:xsi="http://www.w3.org/2001/XMLSchema-instance" xsi:noNamespaceSchemaLocation="https://maven.apache.org/surefire/maven-surefire-plugin/xsd/surefire-test-report-3.0.xsd" version="3.0" name="ec.edu.espe.arquitectura.banquito.passive.products.controller.ProductAccountControllerTest" time="0.846" tests="6" errors="0" skipped="0" failures="0">
  <properties>
[...]
</properties>
  <testcase name="test_when_findByProductos_Success" classname="ec.edu.espe.arquitectura.banquito.passive.products.controller.ProductAccountControllerTest" time="0.703"/>
  <testcase name="test_when_findBySelected_NotFound" classname="ec.edu.espe.arquitectura.banquito.passive.products.controller.ProductAccountControllerTest" time="0.087"/>
  <testcase name="test_when_listLoandProduct_Success" classname="ec.edu.espe.arquitectura.banquito.passive.products.controller.ProductAccountControllerTest" time="0.008"/>
  <testcase name="test_when_findByProductos_NotFound" classname="ec.edu.espe.arquitectura.banquito.passive.products.controller.ProductAccountControllerTest" time="0.007"/>
  <testcase name="test_when_listLoandProductSelected_Success" classname="ec.edu.espe.arquitectura.banquito.passive.products.controller.ProductAccountControllerTest" time="0.007"/>
  <testcase name="test_when_findBySelected_Success" classname="ec.edu.espe.arquitectura.banquito.passive.products.controller.ProductAccountControllerTest" time="0.005"/>
</testsuite>